#
# A fatal error has been detected by the Java Runtime Environment:
#
#  SIGSEGV (0xb) at pc=0x00007f4d372db6b3, pid=21239, tid=0x00007f4d09ab9700
#
# JRE version: Java(TM) SE Runtime Environment (8.0_131-b11) (build 1.8.0_131-b11)
# Java VM: Java HotSpot(TM) 64-Bit Server VM (25.131-b11 mixed mode linux-amd64 compressed oops)
# Problematic frame:
# V  [libjvm.so+0x90f6b3]  ObjectMonitor::EnterI(Thread*)+0x223
#
# Failed to write core dump. Core dumps have been disabled. To enable core dumping, try "ulimit -c unlimited" before starting Java again
#
# If you would like to submit a bug report, please visit:
#   http://bugreport.java.com/bugreport/crash.jsp
#

---------------  T H R E A D  ---------------

Current thread (0x00007f4cf4004000):  JavaThread "SIGTERM handler" daemon [_thread_blocked, id=24052, stack(0x00007f4d099b9000,0x00007f4d09aba000)]

siginfo: si_signo: 11 (SIGSEGV), si_code: 1 (SEGV_MAPERR), si_addr: 0x0000000000000000

Registers:
RAX=0x0000000000000000, RBX=0x00007f4ccc006e48, RCX=0x00007f4d381b330a, RDX=0x00007f4d3798df40
RSP=0x00007f4d09ab85c0, RBP=0x00007f4d09ab8650, RSI=0x0000000000000000, RDI=0x00007f4cf4004b28
R8 =0x00000000000003e8, R9 =0x0000000000000000, R10=0x00007f4d09ab8570, R11=0x0000000000000206
R12=0x00007f4cf4004000, R13=0x00007f4d3798df40, R14=0x00000000000003e8, R15=0x00007f4d37982f88
RIP=0x00007f4d372db6b3, EFLAGS=0x0000000000010202, CSGSFS=0x0000000000000033, ERR=0x0000000000000006
  TRAPNO=0x000000000000000e

Top of Stack: (sp=0x00007f4d09ab85c0)
0x00007f4d09ab85c0:   0000000000000000 00007f4ccc006e98
0x00007f4d09ab85d0:   00007f4ccc006e60 00007f4d09ab85e0
0x00007f4d09ab85e0:   0000000000000000 0000000000000bad
0x00007f4d09ab85f0:   00007f4cf4004000 00007f4d372db2af
0x00007f4d09ab8600:   00007f4cf4004b00 0000000500000000
0x00007f4d09ab8610:   ffffff00ffffffff 00000001ffffffff
0x00007f4d09ab8620:   00007f4d09dbb5d8 00007f4cf4003140
0x00007f4d09ab8630:   00007f4cf4004000 00007f4d09ab8758
0x00007f4d09ab8640:   00007f4ccc006e48 00007f4d3798df40
0x00007f4d09ab8650:   00007f4d09ab86f0 00007f4d372dd741
0x00007f4d09ab8660:   00007f4ccc006ec0 01007f4d00000000
0x00007f4d09ab8670:   00007f4cf40053c0 00007f4d00000002
0x00007f4d09ab8680:   00007f4cf40051f0 0000000500000000
0x00007f4d09ab8690:   00007f4d2082d900 0000000000000000
0x00007f4d09ab86a0:   0000000000000000 00007f4d09ab8758
0x00007f4d09ab86b0:   00000000db0ac4f8 00007f4cf4004000
0x00007f4d09ab86c0:   00007f4d09ab86f0 00007f4cf4003140
0x00007f4d09ab86d0:   00007f4cf4004000 00007f4d09ab8758
0x00007f4d09ab86e0:   00000000db0ac4f8 00007f4cf4004000
0x00007f4d09ab86f0:   00007f4d09ab8740 00007f4d37052041
0x00007f4d09ab8700:   00007f4cf4004000 0000000000000000
0x00007f4d09ab8710:   00007f4cf4004000 0000000000000000
0x00007f4d09ab8720:   00000000000000c2 0000000000000000
0x00007f4d09ab8730:   00007f4d20bbdbf7 00007f4d09ab87d8
0x00007f4d09ab8740:   00007f4d09ab87a8 00007f4d2102532f
0x00007f4d09ab8750:   00007f4d210252ed 0000000000000003
0x00007f4d09ab8760:   00000000db0ac4f8 00007f4d09ab8758
0x00007f4d09ab8770:   00007f4d20bbdbf7 00007f4d09ab87d8
0x00007f4d09ab8780:   00007f4d20bbde80 0000000000000000
0x00007f4d09ab8790:   00007f4d20bbdc48 0000000000000000
0x00007f4d09ab87a0:   00007f4d09ab87d8 00007f4d09ab8820
0x00007f4d09ab87b0:   00007f4d210082bd 0000000000000000 

Instructions: (pc=0x00007f4d372db6b3)
0x00007f4d372db693:   0f 4d f0 48 8b 43 18 48 85 c0 0f 84 55 01 00 00
0x00007f4d372db6a3:   48 8b 05 46 27 6b 00 48 85 c0 74 08 48 8b 40 28
0x00007f4d372db6b3:   48 83 00 01 f6 05 06 ab 67 00 01 0f 85 f4 00 00
0x00007f4d372db6c3:   00 f6 05 d1 27 6b 00 01 74 26 49 8b 94 24 78 01 

Register to memory mapping:

RAX=0x0000000000000000 is an unknown value
RBX=0x00007f4ccc006e48 is an unknown value
RCX=0x00007f4d381b330a: <offset 0x1030a> in /lib/x86_64-linux-gnu/libpthread.so.0 at 0x00007f4d381a3000
RDX=0x00007f4d3798df40: <offset 0xfc1f40> in /usr/lib/jvm/java-8-oracle/jre/lib/amd64/server/libjvm.so at 0x00007f4d369cc000
RSP=0x00007f4d09ab85c0 is pointing into the stack for thread: 0x00007f4cf4004000
RBP=0x00007f4d09ab8650 is pointing into the stack for thread: 0x00007f4cf4004000
RSI=0x0000000000000000 is an unknown value
RDI=0x00007f4cf4004b28 is an unknown value
R8 =0x00000000000003e8 is an unknown value
R9 =0x0000000000000000 is an unknown value
R10=0x00007f4d09ab8570 is pointing into the stack for thread: 0x00007f4cf4004000
R11=0x0000000000000206 is an unknown value
R12=0x00007f4cf4004000 is a thread
R13=0x00007f4d3798df40: <offset 0xfc1f40> in /usr/lib/jvm/java-8-oracle/jre/lib/amd64/server/libjvm.so at 0x00007f4d369cc000
R14=0x00000000000003e8 is an unknown value
R15=0x00007f4d37982f88: <offset 0xfb6f88> in /usr/lib/jvm/java-8-oracle/jre/lib/amd64/server/libjvm.so at 0x00007f4d369cc000


Stack: [0x00007f4d099b9000,0x00007f4d09aba000],  sp=0x00007f4d09ab85c0,  free space=1021k
Native frames: (J=compiled Java code, j=interpreted, Vv=VM code, C=native code)
V  [libjvm.so+0x90f6b3]  ObjectMonitor::EnterI(Thread*)+0x223
V  [libjvm.so+0x911741]  ObjectMonitor::enter(Thread*)+0x301
V  [libjvm.so+0x686041]  InterpreterRuntime::monitorenter(JavaThread*, BasicObjectLock*)+0x91
j  java.lang.Shutdown.exit(I)V+95
j  java.lang.Terminator$1.handle(Lsun/misc/Signal;)V+8
j  sun.misc.Signal$1.run()V+8
j  java.lang.Thread.run()V+11
v  ~StubRoutines::call_stub
V  [libjvm.so+0x691d16]  JavaCalls::call_helper(JavaValue*, methodHandle*, JavaCallArguments*, Thread*)+0x1056
V  [libjvm.so+0x692221]  JavaCalls::call_virtual(JavaValue*, KlassHandle, Symbol*, Symbol*, JavaCallArguments*, Thread*)+0x321
V  [libjvm.so+0x6926c7]  JavaCalls::call_virtual(JavaValue*, Handle, KlassHandle, Symbol*, Symbol*, Thread*)+0x47
V  [libjvm.so+0x72da50]  thread_entry(JavaThread*, Thread*)+0xa0
V  [libjvm.so+0xa76833]  JavaThread::thread_main_inner()+0x103
V  [libjvm.so+0xa7697c]  JavaThread::run()+0x11c
V  [libjvm.so+0x927568]  java_start(Thread*)+0x108
C  [libpthread.so.0+0x76ba]  start_thread+0xca

Java frames: (J=compiled Java code, j=interpreted, Vv=VM code)
j  java.lang.Shutdown.exit(I)V+95
j  java.lang.Terminator$1.handle(Lsun/misc/Signal;)V+8
j  sun.misc.Signal$1.run()V+8
j  java.lang.Thread.run()V+11
v  ~StubRoutines::call_stub

---------------  P R O C E S S  ---------------

Java Threads: ( => current thread )
=>0x00007f4cf4004000 JavaThread "SIGTERM handler" daemon [_thread_blocked, id=24052, stack(0x00007f4d099b9000,0x00007f4d09aba000)]
  0x00007f4cf4003800 JavaThread "SIGTERM handler" daemon [_thread_blocked, id=24035, stack(0x00007f4d09cbc000,0x00007f4d09dbd000)]
  0x00007f4d30630000 JavaThread "process reaper" daemon [_thread_blocked, id=21257, stack(0x00007f4d2002b000,0x00007f4d20064000)]
  0x00007f4d300d3000 JavaThread "Service Thread" daemon [_thread_blocked, id=21254, stack(0x00007f4d0aeea000,0x00007f4d0afeb000)]
  0x00007f4d300be000 JavaThread "C1 CompilerThread2" daemon [_thread_blocked, id=21253, stack(0x00007f4d0afeb000,0x00007f4d0b0ec000)]
  0x00007f4d300bc000 JavaThread "C2 CompilerThread1" daemon [_thread_blocked, id=21252, stack(0x00007f4d0b0ec000,0x00007f4d0b1ed000)]
  0x00007f4d300b9000 JavaThread "C2 CompilerThread0" daemon [_thread_blocked, id=21251, stack(0x00007f4d0b1ed000,0x00007f4d0b2ee000)]
  0x00007f4d30084000 JavaThread "Finalizer" daemon [_thread_blocked, id=21249, stack(0x00007f4d0b7f8000,0x00007f4d0b8f9000)]
  0x00007f4d3007f800 JavaThread "Reference Handler" daemon [_thread_blocked, id=21248, stack(0x00007f4d0b8f9000,0x00007f4d0b9fa000)]
  0x00007f4d3000a000 JavaThread "main" [_thread_in_native, id=21242, stack(0x00007f4d384b2000,0x00007f4d385b3000)]

Other Threads:
  0x00007f4d30078000 VMThread [stack: 0x00007f4d0b9fa000,0x00007f4d0bafb000] [id=21247]

VM state:at safepoint (shutting down)

VM Mutex/Monitor currently owned by a thread:  ([mutex/lock_event])
[0x00007f4d300062c0] Threads_lock - owner thread: 0x00007f4d30078000

Heap:
 PSYoungGen      total 68608K, used 27730K [0x00000000d6f80000, 0x00000000dfb80000, 0x0000000100000000)
  eden space 63488K, 35% used [0x00000000d6f80000,0x00000000d8598af0,0x00000000dad80000)
  from space 5120K, 99% used [0x00000000dad80000,0x00000000db27c010,0x00000000db280000)
  to   space 8192K, 0% used [0x00000000df380000,0x00000000df380000,0x00000000dfb80000)
 ParOldGen       total 84992K, used 4991K [0x0000000084e00000, 0x000000008a100000, 0x00000000d6f80000)
  object space 84992K, 5% used [0x0000000084e00000,0x00000000852dfe68,0x000000008a100000)
 Metaspace       used 14615K, capacity 15014K, committed 15232K, reserved 1062912K
  class space    used 1728K, capacity 1839K, committed 1920K, reserved 1048576K

Card table byte_map: [0x00007f4d34e8c000,0x00007f4d35266000] byte_map_base: 0x00007f4d34a65000

Marking Bits: (ParMarkBitMap*) 0x00007f4d37991f60
 Begin Bits: [0x00007f4d18270000, 0x00007f4d1a138000)
 End Bits:   [0x00007f4d1a138000, 0x00007f4d1c000000)

Polling page: 0x00007f4d385e2000

CodeCache: size=245760Kb used=7873Kb max_used=7906Kb free=237886Kb
 bounds [0x00007f4d21000000, 0x00007f4d217d0000, 0x00007f4d30000000]
 total_blobs=2937 nmethods=2604 adapters=246
 compilation: enabled

Compilation events (10 events):
Event: 21.788 Thread 0x00007f4d300be000 2603       3       java.io.OutputStream::flush (1 bytes)
Event: 21.788 Thread 0x00007f4d300be000 nmethod 2603 0x00007f4d2179fe50 code [0x00007f4d2179ffa0, 0x00007f4d217a00f0]
Event: 124.367 Thread 0x00007f4d300be000 2605       1       java.io.OutputStream::flush (1 bytes)
Event: 124.367 Thread 0x00007f4d300be000 nmethod 2605 0x00007f4d2179ad90 code [0x00007f4d2179aee0, 0x00007f4d2179aff0]
Event: 164.937 Thread 0x00007f4d300be000 2606  s    3       java.io.BufferedInputStream::available (35 bytes)
Event: 164.939 Thread 0x00007f4d300be000 nmethod 2606 0x00007f4d2179a510 code [0x00007f4d2179a6a0, 0x00007f4d2179abd8]
Event: 534.663 Thread 0x00007f4d300b9000 2607  s    4       java.io.BufferedOutputStream::flush (12 bytes)
Event: 534.665 Thread 0x00007f4d300b9000 nmethod 2607 0x00007f4d217ab010 code [0x00007f4d217ab160, 0x00007f4d217ab3b8]
Event: 677.846 Thread 0x00007f4d300bc000 2608  s    4       java.io.BufferedInputStream::available (35 bytes)
Event: 677.855 Thread 0x00007f4d300bc000 nmethod 2608 0x00007f4d217ac7d0 code [0x00007f4d217ac940, 0x00007f4d217accc8]

GC Heap History (10 events):
Event: 0.684 GC heap before
{Heap before GC invocations=1 (full 0):
 PSYoungGen      total 36864K, used 31744K [0x00000000d6f80000, 0x00000000d9880000, 0x0000000100000000)
  eden space 31744K, 100% used [0x00000000d6f80000,0x00000000d8e80000,0x00000000d8e80000)
  from space 5120K, 0% used [0x00000000d9380000,0x00000000d9380000,0x00000000d9880000)
  to   space 5120K, 0% used [0x00000000d8e80000,0x00000000d8e80000,0x00000000d9380000)
 ParOldGen       total 84992K, used 0K [0x0000000084e00000, 0x000000008a100000, 0x00000000d6f80000)
  object space 84992K, 0% used [0x0000000084e00000,0x0000000084e00000,0x000000008a100000)
 Metaspace       used 7824K, capacity 8002K, committed 8320K, reserved 1056768K
  class space    used 989K, capacity 1049K, committed 1152K, reserved 1048576K
Event: 0.688 GC heap after
Heap after GC invocations=1 (full 0):
 PSYoungGen      total 36864K, used 4739K [0x00000000d6f80000, 0x00000000d9880000, 0x0000000100000000)
  eden space 31744K, 0% used [0x00000000d6f80000,0x00000000d6f80000,0x00000000d8e80000)
  from space 5120K, 92% used [0x00000000d8e80000,0x00000000d9320f00,0x00000000d9380000)
  to   space 5120K, 0% used [0x00000000d9380000,0x00000000d9380000,0x00000000d9880000)
 ParOldGen       total 84992K, used 16K [0x0000000084e00000, 0x000000008a100000, 0x00000000d6f80000)
  object space 84992K, 0% used [0x0000000084e00000,0x0000000084e04000,0x000000008a100000)
 Metaspace       used 7824K, capacity 8002K, committed 8320K, reserved 1056768K
  class space    used 989K, capacity 1049K, committed 1152K, reserved 1048576K
}
Event: 1.151 GC heap before
{Heap before GC invocations=2 (full 0):
 PSYoungGen      total 36864K, used 36483K [0x00000000d6f80000, 0x00000000d9880000, 0x0000000100000000)
  eden space 31744K, 100% used [0x00000000d6f80000,0x00000000d8e80000,0x00000000d8e80000)
  from space 5120K, 92% used [0x00000000d8e80000,0x00000000d9320f00,0x00000000d9380000)
  to   space 5120K, 0% used [0x00000000d9380000,0x00000000d9380000,0x00000000d9880000)
 ParOldGen       total 84992K, used 16K [0x0000000084e00000, 0x000000008a100000, 0x00000000d6f80000)
  object space 84992K, 0% used [0x0000000084e00000,0x0000000084e04000,0x000000008a100000)
 Metaspace       used 12957K, capacity 13284K, committed 13568K, reserved 1060864K
  class space    used 1598K, capacity 1719K, committed 1792K, reserved 1048576K
Event: 1.159 GC heap after
Heap after GC invocations=2 (full 0):
 PSYoungGen      total 36864K, used 5097K [0x00000000d6f80000, 0x00000000db780000, 0x0000000100000000)
  eden space 31744K, 0% used [0x00000000d6f80000,0x00000000d6f80000,0x00000000d8e80000)
  from space 5120K, 99% used [0x00000000d9380000,0x00000000d987a4a8,0x00000000d9880000)
  to   space 5120K, 0% used [0x00000000d8e80000,0x00000000d8e80000,0x00000000d9380000)
 ParOldGen       total 84992K, used 1678K [0x0000000084e00000, 0x000000008a100000, 0x00000000d6f80000)
  object space 84992K, 1% used [0x0000000084e00000,0x0000000084fa3a00,0x000000008a100000)
 Metaspace       used 12957K, capacity 13284K, committed 13568K, reserved 1060864K
  class space    used 1598K, capacity 1719K, committed 1792K, reserved 1048576K
}
Event: 1.460 GC heap before
{Heap before GC invocations=3 (full 0):
 PSYoungGen      total 36864K, used 36841K [0x00000000d6f80000, 0x00000000db780000, 0x0000000100000000)
  eden space 31744K, 100% used [0x00000000d6f80000,0x00000000d8e80000,0x00000000d8e80000)
  from space 5120K, 99% used [0x00000000d9380000,0x00000000d987a4a8,0x00000000d9880000)
  to   space 5120K, 0% used [0x00000000d8e80000,0x00000000d8e80000,0x00000000d9380000)
 ParOldGen       total 84992K, used 1678K [0x0000000084e00000, 0x000000008a100000, 0x00000000d6f80000)
  object space 84992K, 1% used [0x0000000084e00000,0x0000000084fa3a00,0x000000008a100000)
 Metaspace       used 13431K, capacity 13750K, committed 13824K, reserved 1060864K
  class space    used 1632K, capacity 1761K, committed 1792K, reserved 1048576K
Event: 1.467 GC heap after
Heap after GC invocations=3 (full 0):
 PSYoungGen      total 36864K, used 5085K [0x00000000d6f80000, 0x00000000db780000, 0x0000000100000000)
  eden space 31744K, 0% used [0x00000000d6f80000,0x00000000d6f80000,0x00000000d8e80000)
  from space 5120K, 99% used [0x00000000d8e80000,0x00000000d9377470,0x00000000d9380000)
  to   space 5120K, 0% used [0x00000000db280000,0x00000000db280000,0x00000000db780000)
 ParOldGen       total 84992K, used 1686K [0x0000000084e00000, 0x000000008a100000, 0x00000000d6f80000)
  object space 84992K, 1% used [0x0000000084e00000,0x0000000084fa5a00,0x000000008a100000)
 Metaspace       used 13431K, capacity 13750K, committed 13824K, reserved 1060864K
  class space    used 1632K, capacity 1761K, committed 1792K, reserved 1048576K
}
Event: 1.608 GC heap before
{Heap before GC invocations=4 (full 0):
 PSYoungGen      total 36864K, used 36829K [0x00000000d6f80000, 0x00000000db780000, 0x0000000100000000)
  eden space 31744K, 100% used [0x00000000d6f80000,0x00000000d8e80000,0x00000000d8e80000)
  from space 5120K, 99% used [0x00000000d8e80000,0x00000000d9377470,0x00000000d9380000)
  to   space 5120K, 0% used [0x00000000db280000,0x00000000db280000,0x00000000db780000)
 ParOldGen       total 84992K, used 1686K [0x0000000084e00000, 0x000000008a100000, 0x00000000d6f80000)
  object space 84992K, 1% used [0x0000000084e00000,0x0000000084fa5a00,0x000000008a100000)
 Metaspace       used 13567K, capacity 13954K, committed 14080K, reserved 1060864K
  class space    used 1635K, capacity 1763K, committed 1792K, reserved 1048576K
Event: 1.626 GC heap after
Heap after GC invocations=4 (full 0):
 PSYoungGen      total 68608K, used 5104K [0x00000000d6f80000, 0x00000000db780000, 0x0000000100000000)
  eden space 63488K, 0% used [0x00000000d6f80000,0x00000000d6f80000,0x00000000dad80000)
  from space 5120K, 99% used [0x00000000db280000,0x00000000db77c010,0x00000000db780000)
  to   space 5120K, 0% used [0x00000000dad80000,0x00000000dad80000,0x00000000db280000)
 ParOldGen       total 84992K, used 2566K [0x0000000084e00000, 0x000000008a100000, 0x00000000d6f80000)
  object space 84992K, 3% used [0x0000000084e00000,0x0000000085081a20,0x000000008a100000)
 Metaspace       used 13567K, capacity 13954K, committed 14080K, reserved 1060864K
  class space    used 1635K, capacity 1763K, committed 1792K, reserved 1048576K
}
Event: 1.996 GC heap before
{Heap before GC invocations=5 (full 0):
 PSYoungGen      total 68608K, used 68592K [0x00000000d6f80000, 0x00000000db780000, 0x0000000100000000)
  eden space 63488K, 100% used [0x00000000d6f80000,0x00000000dad80000,0x00000000dad80000)
  from space 5120K, 99% used [0x00000000db280000,0x00000000db77c010,0x00000000db780000)
  to   space 5120K, 0% used [0x00000000dad80000,0x00000000dad80000,0x00000000db280000)
 ParOldGen       total 84992K, used 2566K [0x0000000084e00000, 0x000000008a100000, 0x00000000d6f80000)
  object space 84992K, 3% used [0x0000000084e00000,0x0000000085081a20,0x000000008a100000)
 Metaspace       used 14039K, capacity 14362K, committed 14592K, reserved 1062912K
  class space    used 1654K, capacity 1767K, committed 1792K, reserved 1048576K
Event: 2.022 GC heap after
Heap after GC invocations=5 (full 0):
 PSYoungGen      total 68608K, used 5104K [0x00000000d6f80000, 0x00000000dfb80000, 0x0000000100000000)
  eden space 63488K, 0% used [0x00000000d6f80000,0x00000000d6f80000,0x00000000dad80000)
  from space 5120K, 99% used [0x00000000dad80000,0x00000000db27c010,0x00000000db280000)
  to   space 8192K, 0% used [0x00000000df380000,0x00000000df380000,0x00000000dfb80000)
 ParOldGen       total 84992K, used 4991K [0x0000000084e00000, 0x000000008a100000, 0x00000000d6f80000)
  object space 84992K, 5% used [0x0000000084e00000,0x00000000852dfe68,0x000000008a100000)
 Metaspace       used 14039K, capacity 14362K, committed 14592K, reserved 1062912K
  class space    used 1654K, capacity 1767K, committed 1792K, reserved 1048576K
}

Deoptimization events (10 events):
Event: 2.136 Thread 0x00007f4d3000a000 Uncommon trap: reason=predicate action=maybe_recompile pc=0x00007f4d21754a28 method=java.util.StringTokenizer.skipDelimiters(I)I @ 17
Event: 2.136 Thread 0x00007f4d3000a000 Uncommon trap: reason=unstable_if action=reinterpret pc=0x00007f4d2168ecd4 method=java.util.StringTokenizer.scanToken(I)I @ 96
Event: 2274.664 Thread 0x00007f4d300b8000 Uncommon trap: reason=class_check action=maybe_recompile pc=0x00007f4d21621e30 method=java.util.Hashtable.get(Ljava/lang/Object;)Ljava/lang/Object; @ 6
Event: 2275.084 Thread 0x00007f4d300b8000 Uncommon trap: reason=class_check action=maybe_recompile pc=0x00007f4d21621e30 method=java.util.Hashtable.get(Ljava/lang/Object;)Ljava/lang/Object; @ 6
Event: 2279.406 Thread 0x00007f4d300b8000 Uncommon trap: reason=class_check action=maybe_recompile pc=0x00007f4d21621e30 method=java.util.Hashtable.get(Ljava/lang/Object;)Ljava/lang/Object; @ 6
Event: 2279.406 Thread 0x00007f4d300b8000 Uncommon trap: reason=class_check action=maybe_recompile pc=0x00007f4d21621e30 method=java.util.Hashtable.get(Ljava/lang/Object;)Ljava/lang/Object; @ 6
Event: 2281.049 Thread 0x00007f4d3076e000 Uncommon trap: reason=class_check action=maybe_recompile pc=0x00007f4d217ab2b8 method=java.io.BufferedOutputStream.flush()V @ 8
Event: 2281.149 Thread 0x00007f4d3076e000 Uncommon trap: reason=class_check action=maybe_recompile pc=0x00007f4d217ab2b8 method=java.io.BufferedOutputStream.flush()V @ 8
Event: 2281.249 Thread 0x00007f4d3076e000 Uncommon trap: reason=class_check action=maybe_recompile pc=0x00007f4d217ab2b8 method=java.io.BufferedOutputStream.flush()V @ 8
Event: 2281.349 Thread 0x00007f4d3076e000 Uncommon trap: reason=class_check action=maybe_recompile pc=0x00007f4d217ab2b8 method=java.io.BufferedOutputStream.flush()V @ 8

Internal exceptions (10 events):
Event: 0.667 Thread 0x00007f4d3000a000 Exception <a 'java/lang/NoClassDefFoundError': org/slf4j/Logger> (0x00000000d8dcfcc8) thrown at [/HUDSON/workspace/8-2-build-linux-amd64/jdk8u131/8869/hotspot/src/share/vm/classfile/systemDictionary.cpp, line 199]
Event: 0.718 Thread 0x00007f4d3000a000 Exception <a 'java/lang/NoClassDefFoundError': org/slf4j/LoggerFactory> (0x00000000d716ea48) thrown at [/HUDSON/workspace/8-2-build-linux-amd64/jdk8u131/8869/hotspot/src/share/vm/classfile/systemDictionary.cpp, line 199]
Event: 0.718 Thread 0x00007f4d3000a000 Exception <a 'java/lang/NoClassDefFoundError'> (0x00000000d716ea48) thrown at [/HUDSON/workspace/8-2-build-linux-amd64/jdk8u131/8869/hotspot/src/share/vm/oops/instanceKlass.cpp, line 964]
Event: 1.007 Thread 0x00007f4d3000a000 Exception <a 'java/lang/NoSuchFieldError': method resolution failed> (0x00000000d86c6a50) thrown at [/HUDSON/workspace/8-2-build-linux-amd64/jdk8u131/8869/hotspot/src/share/vm/prims/methodHandles.cpp, line 1146]
Event: 1.010 Thread 0x00007f4d3000a000 Exception <a 'java/lang/NoSuchFieldError': method resolution failed> (0x00000000d86d4110) thrown at [/HUDSON/workspace/8-2-build-linux-amd64/jdk8u131/8869/hotspot/src/share/vm/prims/methodHandles.cpp, line 1146]
Event: 1.177 Thread 0x00007f4d3000a000 Implicit null exception at 0x00007f4d21370a75 to 0x00007f4d21370c59
Event: 1.177 Thread 0x00007f4d3000a000 Implicit null exception at 0x00007f4d212af1af to 0x00007f4d212af219
Event: 1.178 Thread 0x00007f4d3000a000 Implicit null exception at 0x00007f4d2136633b to 0x00007f4d2136690d
Event: 1.450 Thread 0x00007f4d3000a000 Implicit null exception at 0x00007f4d2159c509 to 0x00007f4d2159d035
Event: 2.110 Thread 0x00007f4d3000a000 Exception <a 'java/lang/NoClassDefFoundError': org/slf4j/Logger> (0x00000000d7ee6fe0) thrown at [/HUDSON/workspace/8-2-build-linux-amd64/jdk8u131/8869/hotspot/src/share/vm/oops/constantPool.cpp, line 235]

Events (10 events):
Event: 2281.249 Thread 0x00007f4d3076e000 Uncommon trap: trap_request=0xffffffde fr.pc=0x00007f4d217ab2b8
Event: 2281.249 Thread 0x00007f4d3076e000 DEOPT PACKING pc=0x00007f4d217ab2b8 sp=0x00007f4d09ebc5d0
Event: 2281.249 Thread 0x00007f4d3076e000 DEOPT UNPACKING pc=0x00007f4d21005229 sp=0x00007f4d09ebc598 mode 2
Event: 2281.349 Thread 0x00007f4d3076e000 Uncommon trap: trap_request=0xffffffde fr.pc=0x00007f4d217ab2b8
Event: 2281.349 Thread 0x00007f4d3076e000 DEOPT PACKING pc=0x00007f4d217ab2b8 sp=0x00007f4d09ebc5d0
Event: 2281.349 Thread 0x00007f4d3076e000 DEOPT UNPACKING pc=0x00007f4d21005229 sp=0x00007f4d09ebc598 mode 2
Event: 2282.410 Thread 0x00007f4d3076e000 Thread exited: 0x00007f4d3076e000
Event: 2282.968 Thread 0x00007f4ccc002800 Thread exited: 0x00007f4ccc002800
Event: 2283.212 Thread 0x00007f4d300b8000 Thread exited: 0x00007f4d300b8000
Event: 2283.738 Executing VM operation: Exit


Dynamic libraries:
00400000-00401000 r-xp 00000000 08:07 5911294                            /usr/lib/jvm/java-8-oracle/bin/java
00600000-00601000 rw-p 00000000 08:07 5911294                            /usr/lib/jvm/java-8-oracle/bin/java
01b5a000-01b7b000 rw-p 00000000 00:00 0                                  [heap]
84e00000-8a100000 rw-p 00000000 00:00 0 
8a100000-d6f80000 ---p 00000000 00:00 0 
d6f80000-dfb80000 rw-p 00000000 00:00 0 
dfb80000-100000000 ---p 00000000 00:00 0 
100000000-1001e0000 rw-p 00000000 00:00 0 
1001e0000-140000000 ---p 00000000 00:00 0 
7f4cc4000000-7f4cc4021000 rw-p 00000000 00:00 0 
7f4cc4021000-7f4cc8000000 ---p 00000000 00:00 0 
7f4cc8000000-7f4cc829a000 rw-p 00000000 00:00 0 
7f4cc829a000-7f4ccc000000 ---p 00000000 00:00 0 
7f4ccc000000-7f4ccc021000 rw-p 00000000 00:00 0 
7f4ccc021000-7f4cd0000000 ---p 00000000 00:00 0 
7f4cd0000000-7f4cd0021000 rw-p 00000000 00:00 0 
7f4cd0021000-7f4cd4000000 ---p 00000000 00:00 0 
7f4cd4000000-7f4cd4021000 rw-p 00000000 00:00 0 
7f4cd4021000-7f4cd8000000 ---p 00000000 00:00 0 
7f4cd8000000-7f4cd828d000 rw-p 00000000 00:00 0 
7f4cd828d000-7f4cdc000000 ---p 00000000 00:00 0 
7f4cdc000000-7f4cdc021000 rw-p 00000000 00:00 0 
7f4cdc021000-7f4ce0000000 ---p 00000000 00:00 0 
7f4ce0000000-7f4ce0021000 rw-p 00000000 00:00 0 
7f4ce0021000-7f4ce4000000 ---p 00000000 00:00 0 
7f4ce4000000-7f4ce4021000 rw-p 00000000 00:00 0 
7f4ce4021000-7f4ce8000000 ---p 00000000 00:00 0 
7f4ce8000000-7f4ce8021000 rw-p 00000000 00:00 0 
7f4ce8021000-7f4cec000000 ---p 00000000 00:00 0 
7f4cec000000-7f4cec69a000 rw-p 00000000 00:00 0 
7f4cec69a000-7f4cf0000000 ---p 00000000 00:00 0 
7f4cf0000000-7f4cf072d000 rw-p 00000000 00:00 0 
7f4cf072d000-7f4cf4000000 ---p 00000000 00:00 0 
7f4cf4000000-7f4cf4021000 rw-p 00000000 00:00 0 
7f4cf4021000-7f4cf8000000 ---p 00000000 00:00 0 
7f4cf8000000-7f4cf8e0c000 rw-p 00000000 00:00 0 
7f4cf8e0c000-7f4cfc000000 ---p 00000000 00:00 0 
7f4cfc000000-7f4cfc021000 rw-p 00000000 00:00 0 
7f4cfc021000-7f4d00000000 ---p 00000000 00:00 0 
7f4d00000000-7f4d00021000 rw-p 00000000 00:00 0 
7f4d00021000-7f4d04000000 ---p 00000000 00:00 0 
7f4d04000000-7f4d04021000 rw-p 00000000 00:00 0 
7f4d04021000-7f4d08000000 ---p 00000000 00:00 0 
7f4d099b9000-7f4d099bc000 ---p 00000000 00:00 0 
7f4d099bc000-7f4d09aba000 rw-p 00000000 00:00 0 
7f4d09aba000-7f4d09abd000 ---p 00000000 00:00 0 
7f4d09abd000-7f4d09bbb000 rw-p 00000000 00:00 0 
7f4d09bbb000-7f4d09bbe000 ---p 00000000 00:00 0 
7f4d09bbe000-7f4d09cbc000 rw-p 00000000 00:00 0 
7f4d09cbc000-7f4d09cbf000 ---p 00000000 00:00 0 
7f4d09cbf000-7f4d09dbd000 rw-p 00000000 00:00 0 
7f4d09dbd000-7f4d09dc0000 ---p 00000000 00:00 0 
7f4d09dc0000-7f4d09ebe000 rw-p 00000000 00:00 0 
7f4d09ebe000-7f4d09ec1000 ---p 00000000 00:00 0 
7f4d09ec1000-7f4d09fbf000 rw-p 00000000 00:00 0 
7f4d09fbf000-7f4d09fc2000 ---p 00000000 00:00 0 
7f4d09fc2000-7f4d0a1c0000 rw-p 00000000 00:00 0 
7f4d0a1c0000-7f4d0a2c0000 ---p 00000000 00:00 0 
7f4d0a2c0000-7f4d0a2d1000 r-xp 00000000 08:07 5943102                    /usr/lib/jvm/java-8-oracle/jre/lib/amd64/libnio.so
7f4d0a2d1000-7f4d0a4d0000 ---p 00011000 08:07 5943102                    /usr/lib/jvm/java-8-oracle/jre/lib/amd64/libnio.so
7f4d0a4d0000-7f4d0a4d1000 rw-p 00010000 08:07 5943102                    /usr/lib/jvm/java-8-oracle/jre/lib/amd64/libnio.so
7f4d0a4d1000-7f4d0a7d2000 rw-p 00000000 00:00 0 
7f4d0a7d2000-7f4d0a7e8000 r-xp 00000000 08:07 5943099                    /usr/lib/jvm/java-8-oracle/jre/lib/amd64/libnet.so
7f4d0a7e8000-7f4d0a9e8000 ---p 00016000 08:07 5943099                    /usr/lib/jvm/java-8-oracle/jre/lib/amd64/libnet.so
7f4d0a9e8000-7f4d0a9e9000 rw-p 00016000 08:07 5943099                    /usr/lib/jvm/java-8-oracle/jre/lib/amd64/libnet.so
7f4d0a9e9000-7f4d0abe9000 rw-p 00000000 00:00 0 
7f4d0abe9000-7f4d0ade9000 rw-p 00000000 00:00 0 
7f4d0ade9000-7f4d0adea000 ---p 00000000 00:00 0 
7f4d0adea000-7f4d0aeea000 rw-p 00000000 00:00 0 
7f4d0aeea000-7f4d0aeed000 ---p 00000000 00:00 0 
7f4d0aeed000-7f4d0afeb000 rw-p 00000000 00:00 0 
7f4d0afeb000-7f4d0afee000 ---p 00000000 00:00 0 
7f4d0afee000-7f4d0b0ec000 rw-p 00000000 00:00 0 
7f4d0b0ec000-7f4d0b0ef000 ---p 00000000 00:00 0 
7f4d0b0ef000-7f4d0b1ed000 rw-p 00000000 00:00 0 
7f4d0b1ed000-7f4d0b1f0000 ---p 00000000 00:00 0 
7f4d0b1f0000-7f4d0b2ee000 rw-p 00000000 00:00 0 
7f4d0b2ee000-7f4d0b2f1000 ---p 00000000 00:00 0 
7f4d0b2f1000-7f4d0b3ef000 rw-p 00000000 00:00 0 
7f4d0b3ef000-7f4d0b7f8000 r--p 00000000 08:07 5374448                    /usr/lib/locale/locale-archive
7f4d0b7f8000-7f4d0b7fb000 ---p 00000000 00:00 0 
7f4d0b7fb000-7f4d0b8f9000 rw-p 00000000 00:00 0 
7f4d0b8f9000-7f4d0b8fc000 ---p 00000000 00:00 0 
7f4d0b8fc000-7f4d0b9fa000 rw-p 00000000 00:00 0 
7f4d0b9fa000-7f4d0b9fb000 ---p 00000000 00:00 0 
7f4d0b9fb000-7f4d0c000000 rw-p 00000000 00:00 0 
7f4d0c000000-7f4d0c021000 rw-p 00000000 00:00 0 
7f4d0c021000-7f4d10000000 ---p 00000000 00:00 0 
7f4d10000000-7f4d10021000 rw-p 00000000 00:00 0 
7f4d10021000-7f4d14000000 ---p 00000000 00:00 0 
7f4d14000000-7f4d14021000 rw-p 00000000 00:00 0 
7f4d14021000-7f4d18000000 ---p 00000000 00:00 0 
7f4d1806e000-7f4d1c000000 rw-p 00000000 00:00 0 
7f4d1c000000-7f4d1c021000 rw-p 00000000 00:00 0 
7f4d1c021000-7f4d20000000 ---p 00000000 00:00 0 
7f4d2001d000-7f4d2001f000 r--s 0000b000 08:07 6196226                    /home/brian/.m2/repository/org/apache/commons/commons-exec/1.1/commons-exec-1.1.jar
7f4d2001f000-7f4d20023000 r--s 00033000 08:07 5123872                    /home/brian/.m2/repository/org/codehaus/plexus/plexus-utils/2.0.5/plexus-utils-2.0.5.jar
7f4d20023000-7f4d20025000 r--s 00002000 08:07 5123868                    /home/brian/.m2/repository/org/codehaus/plexus/plexus-interactivity-api/1.0-alpha-4/plexus-interactivity-api-1.0-alpha-4.jar
7f4d20025000-7f4d20027000 r--s 00006000 08:07 1059185                    /home/brian/.m2/repository/commons-cli/commons-cli/1.0/commons-cli-1.0.jar
7f4d20027000-7f4d20028000 r--s 00001000 08:07 5778707                    /home/brian/.m2/repository/org/apache/maven/doxia/doxia-sink-api/1.0-alpha-7/doxia-sink-api-1.0-alpha-7.ja